<?xml version="1.0" encoding="UTF-8"?>
<!-- Generated by org.testng.reporters.JUnitXMLReporter -->
<testsuite ignored="0" hostname="INHYD-GF401B3" failures="0" tests="3" name="Default test" time="181.788" errors="0" timestamp="2022-06-20T20:45:12 IST">
  <testcase classname="MockNativeSystem.MockNativeSystem" name="CelticClouds" time="35.12"/>
  <testcase classname="MockNativeSystem.MockNativeSystem" name="Lucky" time="42.129"/>
  <testcase classname="MockNativeSystem.MockNativeSystem" name="Ruby" time="42.772"/>
</testsuite> <!-- Default test -->
