<?xml version="1.0" encoding="UTF-8"?>
<testng-results ignored="0" total="1" passed="1" failed="0" skipped="0">
  <reporter-output>
  </reporter-output>
  <suite started-at="2022-06-16T18:25:52 IST" name="Default suite" finished-at="2022-06-16T18:27:55 IST" duration-ms="122921">
    <groups>
    </groups>
    <test started-at="2022-06-16T18:25:52 IST" name="Default test" finished-at="2022-06-16T18:27:55 IST" duration-ms="122921">
      <class name="MockNativeSystem.NewTest">
        <test-method signature="f()[pri:0, instance:MockNativeSystem.NewTest@28eaa59a]" started-at="2022-06-16T18:25:52 IST" name="f" finished-at="2022-06-16T18:27:55 IST" duration-ms="122872" status="PASS">
          <reporter-output>
          </reporter-output>
        </test-method> <!-- f -->
      </class> <!-- MockNativeSystem.NewTest -->
    </test> <!-- Default test -->
  </suite> <!-- Default suite -->
</testng-results>
