<?xml version="1.0" encoding="UTF-8"?>
<testng-results ignored="0" total="3" passed="3" failed="0" skipped="0">
  <reporter-output>
  </reporter-output>
  <suite started-at="2022-06-20T20:42:10 IST" name="Default suite" finished-at="2022-06-20T20:45:12 IST" duration-ms="181788">
    <groups>
    </groups>
    <test started-at="2022-06-20T20:42:10 IST" name="Default test" finished-at="2022-06-20T20:45:12 IST" duration-ms="181788">
      <class name="MockNativeSystem.MockNativeSystem">
        <test-method is-config="true" signature="BeforeTest()[pri:0, instance:MockNativeSystem.MockNativeSystem@52e6fdee]" started-at="2022-06-20T20:42:10 IST" name="BeforeTest" finished-at="2022-06-20T20:43:11 IST" duration-ms="61636" status="PASS">
          <reporter-output>
          </reporter-output>
        </test-method> <!-- BeforeTest -->
        <test-method signature="CelticClouds()[pri:0, instance:MockNativeSystem.MockNativeSystem@52e6fdee]" started-at="2022-06-20T20:43:11 IST" name="CelticClouds" finished-at="2022-06-20T20:43:47 IST" duration-ms="35120" status="PASS">
          <reporter-output>
          </reporter-output>
        </test-method> <!-- CelticClouds -->
        <test-method signature="Lucky()[pri:0, instance:MockNativeSystem.MockNativeSystem@52e6fdee]" started-at="2022-06-20T20:43:47 IST" name="Lucky" finished-at="2022-06-20T20:44:29 IST" duration-ms="42129" status="PASS">
          <reporter-output>
          </reporter-output>
        </test-method> <!-- Lucky -->
        <test-method signature="Ruby()[pri:0, instance:MockNativeSystem.MockNativeSystem@52e6fdee]" started-at="2022-06-20T20:44:29 IST" name="Ruby" finished-at="2022-06-20T20:45:11 IST" duration-ms="42772" status="PASS">
          <reporter-output>
          </reporter-output>
        </test-method> <!-- Ruby -->
        <test-method is-config="true" signature="closeWindow()[pri:0, instance:MockNativeSystem.MockNativeSystem@52e6fdee]" started-at="2022-06-20T20:45:11 IST" name="closeWindow" finished-at="2022-06-20T20:45:12 IST" duration-ms="84" status="PASS">
          <reporter-output>
          </reporter-output>
        </test-method> <!-- closeWindow -->
      </class> <!-- MockNativeSystem.MockNativeSystem -->
    </test> <!-- Default test -->
  </suite> <!-- Default suite -->
</testng-results>
